<?xml version="1.0" encoding="UTF-8"?>
<testng-results ignored="1" total="2" passed="1" failed="0" skipped="0">
  <reporter-output>
  </reporter-output>
  <suite started-at="2025-03-25T18:23:51 IST" name="Default suite" finished-at="2025-03-25T18:24:06 IST" duration-ms="15243">
    <groups>
    </groups>
    <test started-at="2025-03-25T18:23:51 IST" name="Default test" finished-at="2025-03-25T18:24:06 IST" duration-ms="15243">
      <class name="testscript.LoginTest">
        <test-method is-config="true" signature="initialize()[pri:0, instance:testscript.LoginTest@26e356f0]" started-at="2025-03-25T18:23:51 IST" name="initialize" finished-at="2025-03-25T18:24:01 IST" duration-ms="9684" status="PASS">
          <reporter-output>
          </reporter-output>
        </test-method> <!-- initialize -->
        <test-method is-config="true" signature="startUp()[pri:0, instance:testscript.LoginTest@26e356f0]" started-at="2025-03-25T18:24:01 IST" name="startUp" finished-at="2025-03-25T18:24:05 IST" duration-ms="3974" status="PASS">
          <reporter-output>
          </reporter-output>
        </test-method> <!-- startUp -->
        <test-method signature="verifyInvalidAuthentication()[pri:2, instance:testscript.LoginTest@26e356f0]" started-at="2025-03-25T18:24:05 IST" name="verifyInvalidAuthentication" finished-at="2025-03-25T18:24:06 IST" duration-ms="1207" status="PASS">
          <reporter-output>
          </reporter-output>
        </test-method> <!-- verifyInvalidAuthentication -->
        <test-method is-config="true" signature="terminateBrowser()[pri:0, instance:testscript.LoginTest@26e356f0]" started-at="2025-03-25T18:24:06 IST" name="terminateBrowser" finished-at="2025-03-25T18:24:06 IST" duration-ms="343" status="PASS">
          <reporter-output>
          </reporter-output>
        </test-method> <!-- terminateBrowser -->
        <test-method is-config="true" signature="terminateAll()[pri:0, instance:testscript.LoginTest@26e356f0]" started-at="2025-03-25T18:24:06 IST" name="terminateAll" finished-at="2025-03-25T18:24:06 IST" duration-ms="0" status="PASS">
          <reporter-output>
          </reporter-output>
        </test-method> <!-- terminateAll -->
      </class> <!-- testscript.LoginTest -->
    </test> <!-- Default test -->
  </suite> <!-- Default suite -->
</testng-results>
