<?xml version="1.0" encoding="UTF-8"?>
<!-- Generated by org.testng.reporters.JUnitXMLReporter -->
<testsuite ignored="2" hostname="LAPTOP-99NPINEM" failures="0" tests="1" name="Default test" time="8.269" errors="0" timestamp="2025-06-16T05:48:14 IST">
  <testcase classname="testscript.RegisterTest" name="verifyRegistration" time="3.201"/>
  <testcase classname="testscript.RegisterTest" name="verifyRegistrationForMultipleUser2" time="0.0">
    <ignored/>
  </testcase> <!-- verifyRegistrationForMultipleUser2 -->
  <testcase classname="testscript.RegisterTest" name="verifyRegistrationForMultipleUser" time="0.0">
    <ignored/>
  </testcase> <!-- verifyRegistrationForMultipleUser -->
</testsuite> <!-- Default test -->
