<?xml version="1.0" encoding="UTF-8"?>
<!-- Generated by org.testng.reporters.JUnitXMLReporter -->
<testsuite ignored="3" hostname="LAPTOP-99NPINEM" failures="0" tests="7" name="Test" time="58.616" errors="0" timestamp="2025-07-04T17:55:51 IST">
  <testcase classname="testscript.RegisterTest" name="verifyRegistration" time="2.829"/>
  <testcase classname="testscript.LoginTest" name="verifyLogin" time="3.977"/>
  <testcase classname="testscript.OpenAccountTest" name="verifyOpenAccount" time="2.796"/>
  <testcase classname="testscript.AccountOverviewTest" name="verifyAccountOverview" time="2.075"/>
  <testcase classname="testscript.FundTransferTest" name="verifyFundTransfer" time="1.437"/>
  <testcase classname="testscript.BillPaymentTest" name="verifyPayBill" time="8.384"/>
  <testcase classname="testscript.ApplyLoanTest" name="verifyLoanRequest" time="2.404"/>
  <testcase classname="testscript.RegisterTest" name="verifyRegistrationForMultipleUser2" time="0.0">
    <ignored/>
  </testcase> <!-- verifyRegistrationForMultipleUser2 -->
  <testcase classname="testscript.RegisterTest" name="verifyRegistrationForMultipleUser" time="0.0">
    <ignored/>
  </testcase> <!-- verifyRegistrationForMultipleUser -->
  <testcase classname="testscript.LoginTest" name="verifyInvalidAuthentication" time="0.0">
    <ignored/>
  </testcase> <!-- verifyInvalidAuthentication -->
</testsuite> <!-- Test -->
