<?xml version="1.0" encoding="UTF-8"?>
<!-- Generated by org.testng.reporters.JUnitXMLReporter -->
<testsuite ignored="3" hostname="LAPTOP-99NPINEM" failures="0" tests="2" name="Test" time="16.501" errors="0" timestamp="2025-07-05T02:19:24 IST">
  <testcase classname="testscript.RegisterTest" name="verifyRegistration" time="2.871"/>
  <testcase classname="testscript.LoginTest" name="verifyLogin" time="4.213"/>
  <testcase classname="testscript.LoginTest" name="verifyInvalidAuthentication" time="0.0">
    <ignored/>
  </testcase> <!-- verifyInvalidAuthentication -->
  <testcase classname="testscript.RegisterTest" name="verifyRegistrationForMultipleUser2" time="0.0">
    <ignored/>
  </testcase> <!-- verifyRegistrationForMultipleUser2 -->
  <testcase classname="testscript.RegisterTest" name="verifyRegistrationForMultipleUser" time="0.0">
    <ignored/>
  </testcase> <!-- verifyRegistrationForMultipleUser -->
</testsuite> <!-- Test -->
