<?xml version="1.0" encoding="UTF-8"?>
<!-- Generated by org.testng.reporters.JUnitXMLReporter -->
<testsuite ignored="3" hostname="LAPTOP-99NPINEM" failures="0" tests="3" name="Test" time="37.839" errors="0" timestamp="2025-05-14T06:01:21 IST">
  <testcase classname="testscript.LoginTest" name="verifyLogin" time="5.3"/>
  <testcase classname="testscript.LoginTest" name="verifyInvalidAuthentication" time="1.112"/>
  <testcase classname="testscript.OpenAccountTest" name="verifyOpenAccount" time="1.916"/>
  <testcase classname="testscript.RegisterTest" name="verifyRegistrationForMultipleUser2" time="0.0">
    <ignored/>
  </testcase> <!-- verifyRegistrationForMultipleUser2 -->
  <testcase classname="testscript.RegisterTest" name="verifyRegistration" time="0.0">
    <ignored/>
  </testcase> <!-- verifyRegistration -->
  <testcase classname="testscript.RegisterTest" name="verifyRegistrationForMultipleUser" time="0.0">
    <ignored/>
  </testcase> <!-- verifyRegistrationForMultipleUser -->
</testsuite> <!-- Test -->
