<?xml version="1.0" encoding="UTF-8"?>
<testsuite xmlns:xsi="http://www.w3.org/2001/XMLSchema-instance" xsi:noNamespaceSchemaLocation="https://maven.apache.org/surefire/maven-surefire-plugin/xsd/surefire-test-report.xsd" version="3.0.2" name="TestSuite" time="38.766" tests="3" errors="0" skipped="0" failures="0">
  <properties>
[...]
</properties>
  <testcase name="verifyLogin" classname="testscript.LoginTest" time="5.303">
    <system-out><![CDATA[Launch Browser
Load URL
VERIFY : that first name, last name, address, city, state, zipcode, phone number, ssn, username, password and confirm password field is displayed and enabled
All the fields are displayed
Enter valid details to register
Registered Succeessfully
click on logout button
logout successfully
Launch Browser
Load URL
2.Verify that UserName and Password fields are displayed.
UserName and Password fields are displayed.
verify login with username and password
logged in
both fields are visible
logged in
Home page displayed
14010
verify logout
logout succesfull
]]></system-out>
    <system-err><![CDATA[SLF4J: Failed to load class "org.slf4j.impl.StaticLoggerBinder".
SLF4J: Defaulting to no-operation (NOP) logger implementation
SLF4J: See http://www.slf4j.org/codes.html#StaticLoggerBinder for further details.
May 14, 2025 6:00:53 AM org.openqa.selenium.devtools.CdpVersionFinder findNearestMatch
WARNING: Unable to find an exact match for CDP version 135, returning the closest version; found: 132; Please update to a Selenium version that supports CDP version 135
May 14, 2025 6:01:01 AM org.openqa.selenium.devtools.CdpVersionFinder findNearestMatch
WARNING: Unable to find an exact match for CDP version 135, returning the closest version; found: 132; Please update to a Selenium version that supports CDP version 135
]]></system-err>
  </testcase>
  <testcase name="verifyInvalidAuthentication" classname="testscript.LoginTest" time="1.107">
    <system-out><![CDATA[Closing the browser
Launch Browser
Load URL
Enter invalid Username
Enter invalid password
Click on Login Button
VERIFY - alert text with error message
VERIFY - login page is visible
]]></system-out>
    <system-err><![CDATA[May 14, 2025 6:01:11 AM org.openqa.selenium.devtools.CdpVersionFinder findNearestMatch
WARNING: Unable to find an exact match for CDP version 135, returning the closest version; found: 132; Please update to a Selenium version that supports CDP version 135
]]></system-err>
  </testcase>
  <testcase name="verifyOpenAccount" classname="testscript.OpenAccountTest" time="1.915">
    <system-out><![CDATA[Closing the browser
Closing the browser
Launch Browser
Load URL
3. Click on Open New Account link
Verify that following fields are displayed:
a) What type of Account would you like to open?
Account type field is displayed.
b) A minimum of $100.00 must be deposited into this account at time of opening...
Open New Account field displayed.
Account type field is displayed.
Accounts field is displayed.
c) Open new account button is displayed?
Open New Account button clicked.
New Account number is 14232
]]></system-out>
    <system-err><![CDATA[May 14, 2025 6:01:16 AM org.openqa.selenium.devtools.CdpVersionFinder findNearestMatch
WARNING: Unable to find an exact match for CDP version 135, returning the closest version; found: 132; Please update to a Selenium version that supports CDP version 135
]]></system-err>
  </testcase>
</testsuite>