<?xml version="1.0" encoding="UTF-8"?>
<testng-results ignored="3" total="6" passed="3" failed="0" skipped="0">
  <reporter-output>
  </reporter-output>
  <suite started-at="2025-05-14T06:00:43 IST" name="Suite" finished-at="2025-05-14T06:01:21 IST" duration-ms="37839">
    <groups>
    </groups>
    <test started-at="2025-05-14T06:00:43 IST" name="Test" finished-at="2025-05-14T06:01:21 IST" duration-ms="37839">
      <class name="testscript.OpenAccountTest">
        <test-method is-config="true" signature="startSetup()[pri:0, instance:testscript.OpenAccountTest@791f145a]" started-at="2025-05-14T06:01:14 IST" name="startSetup" finished-at="2025-05-14T06:01:19 IST" duration-ms="4709" status="PASS">
          <reporter-output>
          </reporter-output>
        </test-method> <!-- startSetup -->
        <test-method signature="verifyOpenAccount()[pri:0, instance:testscript.OpenAccountTest@791f145a]" started-at="2025-05-14T06:01:19 IST" name="verifyOpenAccount" finished-at="2025-05-14T06:01:21 IST" duration-ms="1916" status="PASS">
          <reporter-output>
          </reporter-output>
        </test-method> <!-- verifyOpenAccount -->
        <test-method is-config="true" signature="tearDown(org.testng.ITestResult)[pri:0, instance:testscript.OpenAccountTest@791f145a]" started-at="2025-05-14T06:01:21 IST" name="tearDown" finished-at="2025-05-14T06:01:21 IST" duration-ms="305" status="PASS">
          <params>
            <param index="0">
              <value>
                <![CDATA[[TestResult name=verifyOpenAccount status=SUCCESS method=OpenAccountTest.verifyOpenAccount()[pri:0, instance:testscript.OpenAccountTest@791f145a] output={null}]]]>
              </value>
            </param>
          </params>
          <reporter-output>
          </reporter-output>
        </test-method> <!-- tearDown -->
      </class> <!-- testscript.OpenAccountTest -->
      <class name="testscript.LoginTest">
        <test-method is-config="true" signature="initialize()[pri:0, instance:testscript.LoginTest@1e0b4072]" started-at="2025-05-14T06:00:44 IST" name="initialize" finished-at="2025-05-14T06:01:00 IST" duration-ms="16353" status="PASS">
          <reporter-output>
          </reporter-output>
        </test-method> <!-- initialize -->
        <test-method is-config="true" signature="startUp()[pri:0, instance:testscript.LoginTest@1e0b4072]" started-at="2025-05-14T06:01:00 IST" name="startUp" finished-at="2025-05-14T06:01:04 IST" duration-ms="3670" status="PASS">
          <reporter-output>
          </reporter-output>
        </test-method> <!-- startUp -->
        <test-method signature="verifyLogin()[pri:1, instance:testscript.LoginTest@1e0b4072]" started-at="2025-05-14T06:01:04 IST" name="verifyLogin" finished-at="2025-05-14T06:01:09 IST" duration-ms="5300" status="PASS">
          <reporter-output>
          </reporter-output>
        </test-method> <!-- verifyLogin -->
        <test-method is-config="true" signature="terminateBrowser()[pri:0, instance:testscript.LoginTest@1e0b4072]" started-at="2025-05-14T06:01:09 IST" name="terminateBrowser" finished-at="2025-05-14T06:01:09 IST" duration-ms="358" status="PASS">
          <reporter-output>
          </reporter-output>
        </test-method> <!-- terminateBrowser -->
        <test-method is-config="true" signature="startUp()[pri:0, instance:testscript.LoginTest@1e0b4072]" started-at="2025-05-14T06:01:09 IST" name="startUp" finished-at="2025-05-14T06:01:13 IST" duration-ms="3700" status="PASS">
          <reporter-output>
          </reporter-output>
        </test-method> <!-- startUp -->
        <test-method signature="verifyInvalidAuthentication()[pri:2, instance:testscript.LoginTest@1e0b4072]" started-at="2025-05-14T06:01:13 IST" name="verifyInvalidAuthentication" finished-at="2025-05-14T06:01:14 IST" duration-ms="1112" status="PASS">
          <reporter-output>
          </reporter-output>
        </test-method> <!-- verifyInvalidAuthentication -->
        <test-method is-config="true" signature="terminateBrowser()[pri:0, instance:testscript.LoginTest@1e0b4072]" started-at="2025-05-14T06:01:14 IST" name="terminateBrowser" finished-at="2025-05-14T06:01:14 IST" duration-ms="361" status="PASS">
          <reporter-output>
          </reporter-output>
        </test-method> <!-- terminateBrowser -->
        <test-method is-config="true" signature="terminateAll()[pri:0, instance:testscript.LoginTest@1e0b4072]" started-at="2025-05-14T06:01:14 IST" name="terminateAll" finished-at="2025-05-14T06:01:14 IST" duration-ms="4" status="PASS">
          <reporter-output>
          </reporter-output>
        </test-method> <!-- terminateAll -->
      </class> <!-- testscript.LoginTest -->
    </test> <!-- Test -->
  </suite> <!-- Suite -->
</testng-results>
