<?xml version="1.0" encoding="UTF-8"?>
<!-- Generated by org.testng.reporters.JUnitXMLReporter -->
<testsuite ignored="1" hostname="LAPTOP-99NPINEM" failures="0" tests="1" name="Default test" time="15.243" errors="0" timestamp="2025-03-25T18:24:06 IST">
  <testcase classname="testscript.LoginTest" name="verifyInvalidAuthentication" time="1.207"/>
  <testcase classname="testscript.LoginTest" name="verifyLogin" time="0.0">
    <ignored/>
  </testcase> <!-- verifyLogin -->
</testsuite> <!-- Default test -->
