<?xml version="1.0" encoding="UTF-8"?>
<testng-results ignored="3" total="5" passed="2" failed="0" skipped="0">
  <reporter-output>
  </reporter-output>
  <suite started-at="2025-07-05T02:19:07 IST" name="Suite" finished-at="2025-07-05T02:19:24 IST" duration-ms="16501">
    <groups>
    </groups>
    <test started-at="2025-07-05T02:19:07 IST" name="Test" finished-at="2025-07-05T02:19:24 IST" duration-ms="16501">
      <class name="testscript.RegisterTest">
        <test-method is-config="true" signature="setup()[pri:0, instance:testscript.RegisterTest@44d52de2]" started-at="2025-07-05T02:19:08 IST" name="setup" finished-at="2025-07-05T02:19:13 IST" duration-ms="5049" status="PASS">
          <reporter-output>
          </reporter-output>
        </test-method> <!-- setup -->
        <test-method signature="verifyRegistration()[pri:1, instance:testscript.RegisterTest@44d52de2]" started-at="2025-07-05T02:19:13 IST" name="verifyRegistration" finished-at="2025-07-05T02:19:16 IST" duration-ms="2871" status="PASS">
          <reporter-output>
          </reporter-output>
        </test-method> <!-- verifyRegistration -->
        <test-method is-config="true" signature="tearDown(org.testng.ITestResult)[pri:0, instance:testscript.RegisterTest@44d52de2]" started-at="2025-07-05T02:19:16 IST" name="tearDown" finished-at="2025-07-05T02:19:16 IST" duration-ms="3" status="PASS">
          <params>
            <param index="0">
              <value>
                <![CDATA[[TestResult name=verifyRegistration status=SUCCESS method=RegisterTest.verifyRegistration()[pri:1, instance:testscript.RegisterTest@44d52de2] output={null}]]]>
              </value>
            </param>
          </params>
          <reporter-output>
          </reporter-output>
        </test-method> <!-- tearDown -->
      </class> <!-- testscript.RegisterTest -->
      <class name="testscript.LoginTest">
        <test-method is-config="true" signature="startUp()[pri:0, instance:testscript.LoginTest@1fb669c3]" started-at="2025-07-05T02:19:16 IST" name="startUp" finished-at="2025-07-05T02:19:19 IST" duration-ms="3941" status="PASS">
          <reporter-output>
          </reporter-output>
        </test-method> <!-- startUp -->
        <test-method signature="verifyLogin()[pri:1, instance:testscript.LoginTest@1fb669c3]" started-at="2025-07-05T02:19:19 IST" name="verifyLogin" finished-at="2025-07-05T02:19:24 IST" duration-ms="4213" status="PASS">
          <reporter-output>
          </reporter-output>
        </test-method> <!-- verifyLogin -->
        <test-method is-config="true" signature="terminateBrowser()[pri:0, instance:testscript.LoginTest@1fb669c3]" started-at="2025-07-05T02:19:24 IST" name="terminateBrowser" finished-at="2025-07-05T02:19:24 IST" duration-ms="257" status="PASS">
          <reporter-output>
          </reporter-output>
        </test-method> <!-- terminateBrowser -->
        <test-method is-config="true" signature="terminateAll()[pri:0, instance:testscript.LoginTest@1fb669c3]" started-at="2025-07-05T02:19:24 IST" name="terminateAll" finished-at="2025-07-05T02:19:24 IST" duration-ms="5" status="PASS">
          <reporter-output>
          </reporter-output>
        </test-method> <!-- terminateAll -->
      </class> <!-- testscript.LoginTest -->
    </test> <!-- Test -->
  </suite> <!-- Suite -->
</testng-results>
